Ran 33 tests in 256.063s

FAILED (errors=1)
Coverage Summary:
Name                            Stmts   Miss Branch BrPart  Cover
-----------------------------------------------------------------
app/__init__.py                   106     57      8      1    46%
app/api_1_0/__init__.py             3      0      0      0   100%
app/api_1_0/authentication.py      30      2     10      2    90%
app/api_1_0/comments.py            40      4      8      4    83%
app/api_1_0/decorators.py          11      1      2      1    85%
app/api_1_0/errors.py              17      0      0      0   100%
app/api_1_0/posts.py               35      3      6      3    85%
app/api_1_0/users.py               30      4      8      4    79%
app/auth/__init__.py                3      0      0      0   100%
app/auth/forms.py                  45      6      8      2    77%
app/auth/views.py                 109     56     40      6    42%
app/decorators.py                  14      3      2      0    69%
app/email.py                       15      0      0      0   100%
app/globalvar.py                    8      4      0      0    50%
app/main/__init__.py                6      0      0      0   100%
app/main/errors.py                 20     11      6      1    38%
app/main/forms.py                  39      7      4      0    74%
app/main/views.py                 570    452    116      4    18%
app/models.py                     299     39     40      5    85%
app/whooshsearch.py                85     62      6      1    29%
-----------------------------------------------------------------
TOTAL                            1485    711    264     34    48%
HTML version: file:///var/www/chmall/tmp/coverage/index.html